{"C:\\Users\\USER\\Documents\\Le-Havre\\API-Justify\\src\\middlewares\\auth.middleware.ts": {"path":"C:\\Users\\USER\\Documents\\Le-Havre\\API-Justify\\src\\middlewares\\auth.middleware.ts","statementMap":{"0":{"start":{"line":16,"column":9},"end":{"line":16,"column":23}},"1":{"start":{"line":1,"column":0},"end":{"line":1,"column":56}},"2":{"start":{"line":4,"column":21},"end":{"line":4,"column":49}},"3":{"start":{"line":5,"column":2},"end":{"line":7,"column":3}},"4":{"start":{"line":6,"column":4},"end":{"line":6,"column":77}},"5":{"start":{"line":8,"column":18},"end":{"line":8,"column":51}},"6":{"start":{"line":9,"column":4},"end":{"line":11,"column":5}},"7":{"start":{"line":10,"column":6},"end":{"line":10,"column":64}},"8":{"start":{"line":12,"column":5},"end":{"line":12,"column":31}},"9":{"start":{"line":13,"column":4},"end":{"line":13,"column":11}}},"fnMap":{"0":{"name":"authMiddleware","decl":{"start":{"line":3,"column":9},"end":{"line":3,"column":23}},"loc":{"start":{"line":3,"column":68},"end":{"line":14,"column":1}}}},"branchMap":{"0":{"loc":{"start":{"line":5,"column":2},"end":{"line":7,"column":3}},"type":"if","locations":[{"start":{"line":5,"column":2},"end":{"line":7,"column":3}},{"start":{},"end":{}}]},"1":{"loc":{"start":{"line":9,"column":4},"end":{"line":11,"column":5}},"type":"if","locations":[{"start":{"line":9,"column":4},"end":{"line":11,"column":5}},{"start":{},"end":{}}]}},"s":{"0":2,"1":2,"2":5,"3":5,"4":3,"5":2,"6":2,"7":1,"8":1,"9":1},"f":{"0":5},"b":{"0":[3,2],"1":[1,1]}}
,"C:\\Users\\USER\\Documents\\Le-Havre\\API-Justify\\src\\middlewares\\rateLimit.middleware.ts": {"path":"C:\\Users\\USER\\Documents\\Le-Havre\\API-Justify\\src\\middlewares\\rateLimit.middleware.ts","statementMap":{"0":{"start":{"line":23,"column":9},"end":{"line":23,"column":28}},"1":{"start":{"line":1,"column":0},"end":{"line":1,"column":56}},"2":{"start":{"line":5,"column":17},"end":{"line":5,"column":34}},"3":{"start":{"line":6,"column":20},"end":{"line":6,"column":41}},"4":{"start":{"line":8,"column":16},"end":{"line":8,"column":54}},"5":{"start":{"line":9,"column":4},"end":{"line":12,"column":5}},"6":{"start":{"line":10,"column":6},"end":{"line":10,"column":35}},"7":{"start":{"line":11,"column":6},"end":{"line":11,"column":34}},"8":{"start":{"line":14,"column":17},"end":{"line":14,"column":35}},"9":{"start":{"line":15,"column":22},"end":{"line":15,"column":53}},"10":{"start":{"line":16,"column":4},"end":{"line":18,"column":5}},"11":{"start":{"line":17,"column":8},"end":{"line":17,"column":56}},"12":{"start":{"line":19,"column":4},"end":{"line":19,"column":42}},"13":{"start":{"line":20,"column":4},"end":{"line":20,"column":11}}},"fnMap":{"0":{"name":"rateLimitMiddleware","decl":{"start":{"line":4,"column":9},"end":{"line":4,"column":28}},"loc":{"start":{"line":4,"column":76},"end":{"line":21,"column":1}}}},"branchMap":{"0":{"loc":{"start":{"line":9,"column":4},"end":{"line":12,"column":5}},"type":"if","locations":[{"start":{"line":9,"column":4},"end":{"line":12,"column":5}},{"start":{},"end":{}}]},"1":{"loc":{"start":{"line":16,"column":4},"end":{"line":18,"column":5}},"type":"if","locations":[{"start":{"line":16,"column":4},"end":{"line":18,"column":5}},{"start":{},"end":{}}]}},"s":{"0":2,"1":2,"2":8,"3":8,"4":8,"5":8,"6":1,"7":1,"8":8,"9":8,"10":8,"11":1,"12":7,"13":7},"f":{"0":8},"b":{"0":[1,7],"1":[1,7]}}
,"C:\\Users\\USER\\Documents\\Le-Havre\\API-Justify\\src\\routes\\justify.route.ts": {"path":"C:\\Users\\USER\\Documents\\Le-Havre\\API-Justify\\src\\routes\\justify.route.ts","statementMap":{"0":{"start":{"line":1,"column":0},"end":{"line":1,"column":33}},"1":{"start":{"line":2,"column":0},"end":{"line":2,"column":67}},"2":{"start":{"line":3,"column":0},"end":{"line":3,"column":77}},"3":{"start":{"line":4,"column":0},"end":{"line":4,"column":61}},"4":{"start":{"line":5,"column":15},"end":{"line":5,"column":23}},"5":{"start":{"line":7,"column":0},"end":{"line":14,"column":3}},"6":{"start":{"line":8,"column":17},"end":{"line":8,"column":25}},"7":{"start":{"line":9,"column":4},"end":{"line":11,"column":5}},"8":{"start":{"line":10,"column":8},"end":{"line":10,"column":84}},"9":{"start":{"line":13,"column":4},"end":{"line":13,"column":44}},"10":{"start":{"line":16,"column":0},"end":{"line":16,"column":22}}},"fnMap":{"0":{"name":"(anonymous_0)","decl":{"start":{"line":7,"column":61},"end":{"line":7,"column":62}},"loc":{"start":{"line":7,"column":74},"end":{"line":14,"column":1}}}},"branchMap":{"0":{"loc":{"start":{"line":9,"column":4},"end":{"line":11,"column":5}},"type":"if","locations":[{"start":{"line":9,"column":4},"end":{"line":11,"column":5}},{"start":{},"end":{}}]}},"s":{"0":1,"1":1,"2":1,"3":1,"4":1,"5":1,"6":0,"7":0,"8":0,"9":0,"10":1},"f":{"0":0},"b":{"0":[0,0]}}
,"C:\\Users\\USER\\Documents\\Le-Havre\\API-Justify\\src\\routes\\token.route.ts": {"path":"C:\\Users\\USER\\Documents\\Le-Havre\\API-Justify\\src\\routes\\token.route.ts","statementMap":{"0":{"start":{"line":1,"column":0},"end":{"line":1,"column":33}},"1":{"start":{"line":2,"column":0},"end":{"line":2,"column":61}},"2":{"start":{"line":5,"column":15},"end":{"line":5,"column":23}},"3":{"start":{"line":7,"column":0},"end":{"line":14,"column":3}},"4":{"start":{"line":8,"column":16},"end":{"line":8,"column":24}},"5":{"start":{"line":9,"column":2},"end":{"line":11,"column":3}},"6":{"start":{"line":10,"column":4},"end":{"line":10,"column":64}},"7":{"start":{"line":12,"column":16},"end":{"line":12,"column":36}},"8":{"start":{"line":13,"column":2},"end":{"line":13,"column":34}},"9":{"start":{"line":15,"column":0},"end":{"line":15,"column":22}}},"fnMap":{"0":{"name":"(anonymous_0)","decl":{"start":{"line":7,"column":22},"end":{"line":7,"column":23}},"loc":{"start":{"line":7,"column":35},"end":{"line":14,"column":1}}}},"branchMap":{"0":{"loc":{"start":{"line":9,"column":2},"end":{"line":11,"column":3}},"type":"if","locations":[{"start":{"line":9,"column":2},"end":{"line":11,"column":3}},{"start":{},"end":{}}]}},"s":{"0":1,"1":1,"2":1,"3":1,"4":3,"5":3,"6":1,"7":2,"8":2,"9":1},"f":{"0":3},"b":{"0":[1,2]}}
,"C:\\Users\\USER\\Documents\\Le-Havre\\API-Justify\\src\\services\\justify.service.ts": {"path":"C:\\Users\\USER\\Documents\\Le-Havre\\API-Justify\\src\\services\\justify.service.ts","statementMap":{"0":{"start":{"line":39,"column":0},"end":{"line":39,"column":16}},"1":{"start":{"line":2,"column":28},"end":{"line":2,"column":30}},"2":{"start":{"line":3,"column":23},"end":{"line":3,"column":25}},"3":{"start":{"line":4,"column":15},"end":{"line":4,"column":16}},"4":{"start":{"line":6,"column":2},"end":{"line":15,"column":3}},"5":{"start":{"line":7,"column":4},"end":{"line":14,"column":5}},"6":{"start":{"line":8,"column":6},"end":{"line":8,"column":22}},"7":{"start":{"line":9,"column":6},"end":{"line":9,"column":28}},"8":{"start":{"line":11,"column":6},"end":{"line":11,"column":23}},"9":{"start":{"line":12,"column":6},"end":{"line":12,"column":20}},"10":{"start":{"line":13,"column":6},"end":{"line":13,"column":27}},"11":{"start":{"line":17,"column":2},"end":{"line":17,"column":36}},"12":{"start":{"line":17,"column":19},"end":{"line":17,"column":36}},"13":{"start":{"line":18,"column":2},"end":{"line":18,"column":15}},"14":{"start":{"line":22,"column":2},"end":{"line":22,"column":57}},"15":{"start":{"line":22,"column":34},"end":{"line":22,"column":57}},"16":{"start":{"line":24,"column":22},"end":{"line":24,"column":61}},"17":{"start":{"line":24,"column":45},"end":{"line":24,"column":57}},"18":{"start":{"line":25,"column":17},"end":{"line":25,"column":33}},"19":{"start":{"line":26,"column":15},"end":{"line":26,"column":31}},"20":{"start":{"line":28,"column":15},"end":{"line":28,"column":40}},"21":{"start":{"line":29,"column":14},"end":{"line":29,"column":27}},"22":{"start":{"line":31,"column":13},"end":{"line":31,"column":15}},"23":{"start":{"line":32,"column":2},"end":{"line":35,"column":3}},"24":{"start":{"line":32,"column":15},"end":{"line":32,"column":16}},"25":{"start":{"line":33,"column":4},"end":{"line":33,"column":21}},"26":{"start":{"line":34,"column":4},"end":{"line":34,"column":53}},"27":{"start":{"line":36,"column":2},"end":{"line":36,"column":40}},"28":{"start":{"line":40,"column":16},"end":{"line":40,"column":33}},"29":{"start":{"line":41,"column":16},"end":{"line":41,"column":33}},"30":{"start":{"line":43,"column":2},"end":{"line":45,"column":16}},"31":{"start":{"line":44,"column":19},"end":{"line":44,"column":57}}},"fnMap":{"0":{"name":"buildLines","decl":{"start":{"line":1,"column":9},"end":{"line":1,"column":19}},"loc":{"start":{"line":1,"column":35},"end":{"line":19,"column":1}}},"1":{"name":"justifyLine","decl":{"start":{"line":21,"column":9},"end":{"line":21,"column":20}},"loc":{"start":{"line":21,"column":51},"end":{"line":37,"column":1}}},"2":{"name":"(anonymous_2)","decl":{"start":{"line":24,"column":35},"end":{"line":24,"column":36}},"loc":{"start":{"line":24,"column":45},"end":{"line":24,"column":57}}},"3":{"name":"justifyText","decl":{"start":{"line":39,"column":16},"end":{"line":39,"column":27}},"loc":{"start":{"line":39,"column":40},"end":{"line":46,"column":1}}},"4":{"name":"(anonymous_4)","decl":{"start":{"line":44,"column":9},"end":{"line":44,"column":10}},"loc":{"start":{"line":44,"column":19},"end":{"line":44,"column":57}}}},"branchMap":{"0":{"loc":{"start":{"line":7,"column":4},"end":{"line":14,"column":5}},"type":"if","locations":[{"start":{"line":7,"column":4},"end":{"line":14,"column":5}},{"start":{"line":10,"column":11},"end":{"line":14,"column":5}}]},"1":{"loc":{"start":{"line":17,"column":2},"end":{"line":17,"column":36}},"type":"if","locations":[{"start":{"line":17,"column":2},"end":{"line":17,"column":36}},{"start":{},"end":{}}]},"2":{"loc":{"start":{"line":22,"column":2},"end":{"line":22,"column":57}},"type":"if","locations":[{"start":{"line":22,"column":2},"end":{"line":22,"column":57}},{"start":{},"end":{}}]},"3":{"loc":{"start":{"line":22,"column":6},"end":{"line":22,"column":32}},"type":"binary-expr","locations":[{"start":{"line":22,"column":6},"end":{"line":22,"column":24}},{"start":{"line":22,"column":28},"end":{"line":22,"column":32}}]},"4":{"loc":{"start":{"line":34,"column":31},"end":{"line":34,"column":50}},"type":"cond-expr","locations":[{"start":{"line":34,"column":45},"end":{"line":34,"column":46}},{"start":{"line":34,"column":49},"end":{"line":34,"column":50}}]}},"s":{"0":1,"1":0,"2":0,"3":0,"4":0,"5":0,"6":0,"7":0,"8":0,"9":0,"10":0,"11":0,"12":0,"13":0,"14":0,"15":0,"16":0,"17":0,"18":0,"19":0,"20":0,"21":0,"22":0,"23":0,"24":0,"25":0,"26":0,"27":0,"28":0,"29":0,"30":0,"31":0},"f":{"0":0,"1":0,"2":0,"3":0,"4":0},"b":{"0":[0,0],"1":[0,0],"2":[0,0],"3":[0,0],"4":[0,0]}}
,"C:\\Users\\USER\\Documents\\Le-Havre\\API-Justify\\src\\services\\token.service.ts": {"path":"C:\\Users\\USER\\Documents\\Le-Havre\\API-Justify\\src\\services\\token.service.ts","statementMap":{"0":{"start":{"line":3,"column":0},"end":{"line":3,"column":16}},"1":{"start":{"line":1,"column":0},"end":{"line":1,"column":67}},"2":{"start":{"line":4,"column":16},"end":{"line":4,"column":97}},"3":{"start":{"line":5,"column":31},"end":{"line":9,"column":4}},"4":{"start":{"line":10,"column":2},"end":{"line":10,"column":35}},"5":{"start":{"line":11,"column":2},"end":{"line":11,"column":15}}},"fnMap":{"0":{"name":"generateToken","decl":{"start":{"line":3,"column":16},"end":{"line":3,"column":29}},"loc":{"start":{"line":3,"column":43},"end":{"line":12,"column":1}}}},"branchMap":{},"s":{"0":1,"1":1,"2":2,"3":2,"4":2,"5":2},"f":{"0":2},"b":{}}
,"C:\\Users\\USER\\Documents\\Le-Havre\\API-Justify\\src\\storage\\memory.store.ts": {"path":"C:\\Users\\USER\\Documents\\Le-Havre\\API-Justify\\src\\storage\\memory.store.ts","statementMap":{"0":{"start":{"line":7,"column":13},"end":{"line":7,"column":60}}},"fnMap":{},"branchMap":{},"s":{"0":3},"f":{},"b":{}}
}
