TN:
SF:src\middlewares\auth.middleware.ts
FN:3,authMiddleware
FNF:1
FNH:1
FNDA:5,authMiddleware
DA:1,2
DA:4,5
DA:5,5
DA:6,3
DA:8,2
DA:9,2
DA:10,1
DA:12,1
DA:13,1
DA:16,2
LF:10
LH:10
BRDA:5,0,0,3
BRDA:5,0,1,2
BRDA:9,1,0,1
BRDA:9,1,1,1
BRF:4
BRH:4
end_of_record
TN:
SF:src\middlewares\rateLimit.middleware.ts
FN:4,rateLimitMiddleware
FNF:1
FNH:1
FNDA:8,rateLimitMiddleware
DA:1,2
DA:5,8
DA:6,8
DA:8,8
DA:9,8
DA:10,1
DA:11,1
DA:14,8
DA:15,8
DA:16,8
DA:17,1
DA:19,7
DA:20,7
DA:23,2
LF:14
LH:14
BRDA:9,0,0,1
BRDA:9,0,1,7
BRDA:16,1,0,1
BRDA:16,1,1,7
BRF:4
BRH:4
end_of_record
TN:
SF:src\routes\justify.route.ts
FN:7,(anonymous_0)
FNF:1
FNH:0
FNDA:0,(anonymous_0)
DA:1,1
DA:2,1
DA:3,1
DA:4,1
DA:5,1
DA:7,1
DA:8,0
DA:9,0
DA:10,0
DA:13,0
DA:16,1
LF:11
LH:7
BRDA:9,0,0,0
BRDA:9,0,1,0
BRF:2
BRH:0
end_of_record
TN:
SF:src\routes\token.route.ts
FN:7,(anonymous_0)
FNF:1
FNH:1
FNDA:3,(anonymous_0)
DA:1,1
DA:2,1
DA:5,1
DA:7,1
DA:8,3
DA:9,3
DA:10,1
DA:12,2
DA:13,2
DA:15,1
LF:10
LH:10
BRDA:9,0,0,1
BRDA:9,0,1,2
BRF:2
BRH:2
end_of_record
TN:
SF:src\services\justify.service.ts
FN:1,buildLines
FN:21,justifyLine
FN:24,(anonymous_2)
FN:39,justifyText
FN:44,(anonymous_4)
FNF:5
FNH:0
FNDA:0,buildLines
FNDA:0,justifyLine
FNDA:0,(anonymous_2)
FNDA:0,justifyText
FNDA:0,(anonymous_4)
DA:2,0
DA:3,0
DA:4,0
DA:6,0
DA:7,0
DA:8,0
DA:9,0
DA:11,0
DA:12,0
DA:13,0
DA:17,0
DA:18,0
DA:22,0
DA:24,0
DA:25,0
DA:26,0
DA:28,0
DA:29,0
DA:31,0
DA:32,0
DA:33,0
DA:34,0
DA:36,0
DA:39,1
DA:40,0
DA:41,0
DA:43,0
DA:44,0
LF:28
LH:1
BRDA:7,0,0,0
BRDA:7,0,1,0
BRDA:17,1,0,0
BRDA:17,1,1,0
BRDA:22,2,0,0
BRDA:22,2,1,0
BRDA:22,3,0,0
BRDA:22,3,1,0
BRDA:34,4,0,0
BRDA:34,4,1,0
BRF:10
BRH:0
end_of_record
TN:
SF:src\services\token.service.ts
FN:3,generateToken
FNF:1
FNH:1
FNDA:2,generateToken
DA:1,1
DA:3,1
DA:4,2
DA:5,2
DA:10,2
DA:11,2
LF:6
LH:6
BRF:0
BRH:0
end_of_record
TN:
SF:src\storage\memory.store.ts
FNF:0
FNH:0
DA:7,3
LF:1
LH:1
BRF:0
BRH:0
end_of_record
